<?xml version="1.0" encoding="UTF-8"?>
<!-- Generated by org.testng.reporters.JUnitReportReporter -->
<testsuite hostname="MININT-U1OFRIO" name="com.fanniemae.testcases.SDET_Login_TesCase" tests="1" failures="0" timestamp="21 Jul 2017 13:07:09 GMT" time="2.807" errors="0">
  <testcase name="tc_loginTestCase" time="2.807" classname="com.fanniemae.testcases.SDET_Login_TesCase"/>
</testsuite> <!-- com.fanniemae.testcases.SDET_Login_TesCase -->
